TN:
SF:lib/cli.js
FN:10,_run
FN:40,exec
FNF:2
FNH:2
FNDA:3,_run
FNDA:4,exec
DA:1,1
DA:2,1
DA:3,1
DA:4,1
DA:5,1
DA:6,1
DA:7,1
DA:8,1
DA:9,1
DA:10,3
DA:11,3
DA:12,3
DA:13,3
DA:14,3
DA:15,3
DA:16,3
DA:17,3
DA:18,3
DA:19,3
DA:20,3
DA:21,3
DA:22,3
DA:23,3
DA:24,3
DA:25,3
DA:26,3
DA:27,3
DA:28,1
DA:29,1
DA:30,3
DA:31,2
DA:32,2
DA:33,2
DA:34,3
DA:35,3
DA:36,1
DA:37,1
DA:38,1
DA:39,1
DA:40,4
DA:41,4
DA:42,4
DA:43,4
DA:44,4
DA:45,4
DA:46,4
DA:47,4
DA:48,4
DA:49,4
DA:50,1
DA:51,1
DA:52,1
DA:53,1
DA:54,1
DA:55,1
DA:56,1
DA:57,1
LF:57
LH:57
BRDA:1,0,0,1
BRDA:10,1,0,3
BRDA:13,2,0,1
BRDA:13,3,0,2
BRDA:14,4,0,1
BRDA:14,5,0,2
BRDA:26,6,0,3
BRDA:27,7,0,1
BRDA:30,8,0,2
BRDA:40,9,0,4
BRF:10
BRH:10
end_of_record
TN:
SF:lib/nestorbuildlight.js
FN:18,NestorBuildLight
FN:39,notify
FN:44,_colourise
FNF:3
FNH:3
FNDA:12,NestorBuildLight
FNDA:8,notify
FNDA:8,_colourise
DA:1,1
DA:2,1
DA:3,1
DA:4,1
DA:5,1
DA:6,1
DA:7,1
DA:8,1
DA:9,1
DA:10,1
DA:11,1
DA:12,1
DA:13,1
DA:14,1
DA:15,1
DA:16,1
DA:17,1
DA:18,1
DA:19,12
DA:20,12
DA:21,12
DA:22,12
DA:23,12
DA:24,12
DA:25,12
DA:26,12
DA:27,12
DA:28,12
DA:29,12
DA:30,1
DA:31,1
DA:32,1
DA:33,1
DA:34,1
DA:35,1
DA:36,1
DA:37,1
DA:38,1
DA:39,1
DA:40,8
DA:41,8
DA:42,8
DA:43,8
DA:44,8
DA:45,8
DA:46,8
DA:47,2
DA:48,2
DA:49,1
DA:50,1
DA:51,2
DA:52,8
DA:53,6
DA:54,6
DA:55,8
DA:56,8
DA:57,8
DA:58,8
DA:59,1
DA:60,1
DA:61,1
DA:62,1
DA:63,1
LF:63
LH:63
BRDA:1,0,0,1
BRDA:18,1,0,12
BRDA:20,2,0,3
BRDA:25,3,0,10
BRDA:25,4,0,2
BRDA:27,5,0,11
BRDA:39,6,0,8
BRDA:41,7,0,2
BRDA:44,8,0,8
BRDA:46,9,0,2
BRDA:46,10,0,2
BRDA:52,11,0,6
BRDA:47,12,0,2
BRDA:48,13,0,1
BRF:14
BRH:14
end_of_record
