--------------------------|-----------|-----------|-----------|-----------|
File                      |   % Stmts |% Branches |   % Funcs |   % Lines |
--------------------------|-----------|-----------|-----------|-----------|
   lib/                   |       100 |       100 |       100 |       100 |
      cli.js              |       100 |       100 |       100 |       100 |
      nestorbuildlight.js |       100 |       100 |       100 |       100 |
--------------------------|-----------|-----------|-----------|-----------|
All files                 |       100 |       100 |       100 |       100 |
--------------------------|-----------|-----------|-----------|-----------|
