TN:
SF:/Users/cliffano/dev/workspace/nestor-buildlight/lib/cli.js
FN:6,_run
FN:22,(anonymous_2)
FN:36,exec
FNF:3
FNH:3
FNDA:3,_run
FNDA:3,(anonymous_2)
FNDA:4,exec
DA:1,1
DA:2,1
DA:3,1
DA:4,1
DA:6,1
DA:8,3
DA:15,3
DA:21,3
DA:22,3
DA:23,3
DA:24,1
DA:25,1
DA:27,2
DA:28,2
DA:36,1
DA:38,4
DA:44,4
DA:47,1
LF:18
LH:18
BRDA:9,1,0,1
BRDA:9,1,1,2
BRDA:10,2,0,1
BRDA:10,2,1,2
BRDA:23,3,0,1
BRDA:23,3,1,2
BRF:6
BRH:6
end_of_record
TN:
SF:/Users/cliffano/dev/workspace/nestor-buildlight/lib/nestorbuildlight.js
FN:15,NestorBuildLight
FN:36,(anonymous_2)
FN:42,_colourise
FN:45,(anonymous_4)
FNF:4
FNH:4
FNDA:12,NestorBuildLight
FNDA:8,(anonymous_2)
FNDA:8,_colourise
FNDA:2,(anonymous_4)
DA:1,1
DA:15,1
DA:16,12
DA:17,12
DA:19,12
DA:24,12
DA:25,12
DA:36,1
DA:37,8
DA:39,8
DA:40,8
DA:42,1
DA:43,8
DA:44,8
DA:45,2
DA:46,2
DA:47,1
DA:51,6
DA:55,8
DA:58,1
LF:20
LH:20
BRDA:17,1,0,12
BRDA:17,1,1,3
BRDA:22,2,0,10
BRDA:22,2,1,2
BRDA:24,3,0,12
BRDA:24,3,1,11
BRDA:39,4,0,8
BRDA:39,4,1,2
BRDA:44,5,0,2
BRDA:44,5,1,6
BRDA:44,6,0,8
BRDA:44,6,1,2
BRDA:46,7,0,1
BRDA:46,7,1,1
BRF:14
BRH:14
end_of_record
